#
# There is insufficient memory for the Java Runtime Environment to continue.
# Native memory allocation (malloc) failed to allocate 32744 bytes. Error detail: Chunk::new
# Possible reasons:
#   The system is out of physical RAM or swap space
#   This process is running with CompressedOops enabled, and the Java Heap may be blocking the growth of the native heap
# Possible solutions:
#   Reduce memory load on the system
#   Increase physical memory or swap space
#   Check if swap backing store is full
#   Decrease Java heap size (-Xmx/-Xms)
#   Decrease number of Java threads
#   Decrease Java thread stack sizes (-Xss)
#   Set larger code cache with -XX:ReservedCodeCacheSize=
#   JVM is running with Zero Based Compressed Oops mode in which the Java heap is
#     placed in the first 32GB address space. The Java Heap base address is the
#     maximum limit for the native heap growth. Please use -XX:HeapBaseMinAddress
#     to set the Java Heap base and to place the Java Heap above 32GB virtual address.
# This output file may be truncated or incomplete.
#
#  Out of Memory Error (arena.cpp:168), pid=8200, tid=22712
#
# JRE version: OpenJDK Runtime Environment Corretto-21.0.3.9.1 (21.0.3+9) (build 21.0.3+9-LTS)
# Java VM: OpenJDK 64-Bit Server VM Corretto-21.0.3.9.1 (21.0.3+9-LTS, mixed mode, sharing, tiered, compressed oops, compressed class ptrs, g1 gc, windows-amd64)
# No core dump will be written. Minidumps are not enabled by default on client versions of Windows
#

---------------  S U M M A R Y ------------

Command Line: -Dmaven.multiModuleProjectDirectory=D:\WEB DEV\BE\New folder\tech_shop -Djansi.passthrough=true -Dmaven.home=C:\Users\langt\.m2\wrapper\dists\apache-maven-3.9.6-bin\439sdfsg2nbdob9ciift5h5nse\apache-maven-3.9.6 -Dclassworlds.conf=C:\Users\langt\.m2\wrapper\dists\apache-maven-3.9.6-bin\439sdfsg2nbdob9ciift5h5nse\apache-maven-3.9.6\bin\m2.conf -Dmaven.ext.class.path=D:\INTELLIJ\IntelliJ IDEA 2023.2.1\plugins\maven\lib\maven-event-listener.jar -javaagent:D:\INTELLIJ\IntelliJ IDEA 2023.2.1\lib\idea_rt.jar=63789:D:\INTELLIJ\IntelliJ IDEA 2023.2.1\bin -Dfile.encoding=UTF-8 -Dsun.stdout.encoding=UTF-8 -Dsun.stderr.encoding=UTF-8 org.codehaus.classworlds.Launcher -Didea.version=2023.2.1 install

Host: Intel(R) Core(TM) i5-1035G1 CPU @ 1.00GHz, 8 cores, 15G,  Windows 10 , 64 bit Build 19041 (10.0.19041.3636)
Time: Wed Jun 19 20:24:29 2024 SE Asia Standard Time elapsed time: 0.973165 seconds (0d 0h 0m 0s)

---------------  T H R E A D  ---------------

Current thread (0x0000019e302e2c70):  JavaThread "main"             [_thread_in_vm, id=22712, stack(0x00000033d8800000,0x00000033d8900000) (1024K)]

Stack: [0x00000033d8800000,0x00000033d8900000]
Native frames: (J=compiled Java code, j=interpreted, Vv=VM code, C=native code)
V  [jvm.dll+0x6d4fa9]
V  [jvm.dll+0x8b01c3]
V  [jvm.dll+0x8b251e]
V  [jvm.dll+0x8b2c03]
V  [jvm.dll+0x284fb6]
V  [jvm.dll+0xc5ffd]
V  [jvm.dll+0xc6533]
V  [jvm.dll+0x72b12f]
V  [jvm.dll+0x72bdff]
V  [jvm.dll+0x3c9e7f]
V  [jvm.dll+0x4769ac]
V  [jvm.dll+0x48239d]
C  0x0000019e420dcf4b

The last pc belongs to native method entry point (kind = native) (printed below).
Java frames: (J=compiled Java code, j=interpreted, Vv=VM code)
j  java.lang.Class.getDeclaredMethods0(Z)[Ljava/lang/reflect/Method;+0 java.base@21.0.3
j  java.lang.Class.privateGetDeclaredMethods(Z)[Ljava/lang/reflect/Method;+34 java.base@21.0.3
j  java.lang.Class.getMethodsRecursive(Ljava/lang/String;[Ljava/lang/Class;Z)Ljava/lang/PublicMethods$MethodList;+2 java.base@21.0.3
j  java.lang.Class.getMethod0(Ljava/lang/String;[Ljava/lang/Class;)Ljava/lang/reflect/Method;+14 java.base@21.0.3
j  java.lang.Class.getMethod(Ljava/lang/String;[Ljava/lang/Class;)Ljava/lang/reflect/Method;+26 java.base@21.0.3
j  org.eclipse.sisu.bean.BeanScheduler.<clinit>()V+34
v  ~StubRoutines::call_stub 0x0000019e420d10e7
j  org.codehaus.plexus.DefaultPlexusContainer.<init>(Lorg/codehaus/plexus/ContainerConfiguration;[Lcom/google/inject/Module;)V+238
j  org.apache.maven.cli.MavenCli.container(Lorg/apache/maven/cli/CliRequest;)Lorg/codehaus/plexus/PlexusContainer;+279
j  org.apache.maven.cli.MavenCli.doMain(Lorg/apache/maven/cli/CliRequest;)I+34
j  org.apache.maven.cli.MavenCli.main([Ljava/lang/String;Lorg/codehaus/plexus/classworlds/ClassWorld;)I+24
j  java.lang.invoke.DirectMethodHandle$Holder.invokeStatic(Ljava/lang/Object;Ljava/lang/Object;Ljava/lang/Object;)I+11 java.base@21.0.3
j  java.lang.invoke.LambdaForm$MH+0x0000019e5300b000.invoke(Ljava/lang/Object;Ljava/lang/Object;Ljava/lang/Object;Ljava/lang/Object;)Ljava/lang/Object;+54 java.base@21.0.3
j  java.lang.invoke.LambdaForm$MH+0x0000019e53002800.invokeExact_MT(Ljava/lang/Object;Ljava/lang/Object;Ljava/lang/Object;Ljava/lang/Object;Ljava/lang/Object;)Ljava/lang/Object;+22 java.base@21.0.3
j  jdk.internal.reflect.DirectMethodHandleAccessor.invokeImpl(Ljava/lang/Object;[Ljava/lang/Object;)Ljava/lang/Object;+72 java.base@21.0.3
j  jdk.internal.reflect.DirectMethodHandleAccessor.invoke(Ljava/lang/Object;[Ljava/lang/Object;)Ljava/lang/Object;+23 java.base@21.0.3
j  java.lang.reflect.Method.invoke(Ljava/lang/Object;[Ljava/lang/Object;)Ljava/lang/Object;+102 java.base@21.0.3
j  org.codehaus.plexus.classworlds.launcher.Launcher.launchEnhanced([Ljava/lang/String;)V+45
j  org.codehaus.plexus.classworlds.launcher.Launcher.launch([Ljava/lang/String;)V+2
j  org.codehaus.plexus.classworlds.launcher.Launcher.mainWithExitCode([Ljava/lang/String;)I+108
j  org.codehaus.plexus.classworlds.launcher.Launcher.main([Ljava/lang/String;)V+1
j  org.codehaus.classworlds.Launcher.main([Ljava/lang/String;)V+1
v  ~StubRoutines::call_stub 0x0000019e420d10e7
native method entry point (kind = native)  [0x0000019e420dcb20, 0x0000019e420dd748]  3112 bytes
[MachCode]
  0x0000019e420dcb20: 488b 4b08 | 0fb7 492e | 584c 8d74 | ccf8 6800 | 0000 0068 | 0000 0000 | 5055 488b | ec41 5568 
  0x0000019e420dcb40: 0000 0000 | 4c8b 6b08 | 4d8d 6d38 | 5348 8b53 | 0848 8b52 | 0848 8b52 | 1848 8b52 | 7048 8b12 
  0x0000019e420dcb60: 5248 8b53 | 1048 85d2 | 0f84 0700 | 0000 4881 | c208 0100 | 0052 488b | 5308 488b | 5208 488b 
  0x0000019e420dcb80: 5210 5249 | 8bc6 482b | c548 c1e8 | 0350 6800 | 0000 0068 | 0000 0000 | 4889 2424 | 41c6 8779 
  0x0000019e420dcba0: 0400 0001 | 488b 4310 | 4885 c074 | 208b 88cc | 0000 0083 | c102 8988 | cc00 0000 | 2388 e000 
  0x0000019e420dcbc0: 0000 0f84 | cb0a 0000 | e9cf 0000 | 0048 8b43 | 1848 85c0 | 0f85 b000 | 0000 e805 | 0000 00e9 
  0x0000019e420dcbe0: 9900 0000 | 488b d348 | 8d44 2408 | 4c89 6dc0 | 498b cfc5 | f877 4989 | afa8 0300 | 0049 8987 
  0x0000019e420dcc00: 9803 0000 | 4883 ec20 | 40f6 c40f | 0f84 1900 | 0000 4883 | ec08 48b8 | 20b6 e94c | fd7f 0000 
  0x0000019e420dcc20: ffd0 4883 | c408 e90c | 0000 0048 | b820 b6e9 | 4cfd 7f00 | 00ff d048 | 83c4 2049 | c787 9803 
  0x0000019e420dcc40: 0000 0000 | 0000 49c7 | 87a8 0300 | 0000 0000 | 0049 c787 | a003 0000 | 0000 0000 | c5f8 7749 
  0x0000019e420dcc60: 837f 0800 | 0f84 0500 | 0000 e991 | 42ff ff4c | 8b6d c04c | 8b75 c84e | 8d74 f500 | c348 8b43 
  0x0000019e420dcc80: 1848 85c0 | 0f84 1200 | 0000 8b48 | 0883 c102 | 8948 0823 | 481c 0f84 | f709 0000 | 493b a7e8 
  0x0000019e420dcca0: 0400 000f | 8748 0000 | 0089 8424 | 00f0 ffff | 8984 2400 | e0ff ff89 | 8424 00d0 | ffff 8984 
  0x0000019e420dccc0: 2400 c0ff | ff89 8424 | 00b0 ffff | 8984 2400 | a0ff ff89 | 8424 0090 | ffff 8984 | 2400 80ff 
  0x0000019e420dcce0: ff49 3ba7 | e004 0000 | 7607 4989 | a7e8 0400 | 0041 c687 | 7904 0000 | 0049 ba3f | 8975 4dfd 
  0x0000019e420dcd00: 7f00 0041 | 803a 000f | 843e 0000 | 0048 8b55 | e849 8bcf | 4883 ec20 | 40f6 c40f | 0f84 1900 
  0x0000019e420dcd20: 0000 4883 | ec08 48b8 | 10b8 1f4d | fd7f 0000 | ffd0 4883 | c408 e90c | 0000 0048 | b810 b81f 
  0x0000019e420dcd40: 4dfd 7f00 | 00ff d048 | 83c4 2048 | 8b5d e84c | 8b5b 0845 | 0fb7 5b2e | 41c1 e303 | 492b e348 
  0x0000019e420dcd60: 83ec 2048 | 83e4 f04c | 8b5b 604d | 85db 0f85 | ab00 0000 | e805 0000 | 00e9 9900 | 0000 488b 
  0x0000019e420dcd80: d348 8d44 | 2408 4c89 | 6dc0 498b | cfc5 f877 | 4989 afa8 | 0300 0049 | 8987 9803 | 0000 4883 
  0x0000019e420dcda0: ec20 40f6 | c40f 0f84 | 1900 0000 | 4883 ec08 | 48b8 b0dc | e94c fd7f | 0000 ffd0 | 4883 c408 
  0x0000019e420dcdc0: e90c 0000 | 0048 b8b0 | dce9 4cfd | 7f00 00ff | d048 83c4 | 2049 c787 | 9803 0000 | 0000 0000 
  0x0000019e420dcde0: 49c7 87a8 | 0300 0000 | 0000 0049 | c787 a003 | 0000 0000 | 0000 c5f8 | 7749 837f | 0800 0f84 
  0x0000019e420dce00: 0500 0000 | e9f7 40ff | ff4c 8b6d | c04c 8b75 | c84e 8d74 | f500 c348 | 8b5d e84c | 8b5b 6041 
  0x0000019e420dce20: ffd3 488b | 5de8 4889 | 4518 448b | 5b28 41f6 | c308 0f84 | 1b00 0000 | 4c8b 5b08 | 4d8b 5b08 
  0x0000019e420dce40: 4d8b 5b18 | 4d8b 5b70 | 4d8b 1b4c | 895d 1048 | 8d55 1048 | 8b43 5849 | baa0 0c20 | 4dfd 7f00 
  0x0000019e420dce60: 0049 3bc2 | 0f85 ab00 | 0000 e805 | 0000 00e9 | 9900 0000 | 488b d348 | 8d44 2408 | 4c89 6dc0 
  0x0000019e420dce80: 498b cfc5 | f877 4989 | afa8 0300 | 0049 8987 | 9803 0000 | 4883 ec20 | 40f6 c40f | 0f84 1900 
  0x0000019e420dcea0: 0000 4883 | ec08 48b8 | b0dc e94c | fd7f 0000 | ffd0 4883 | c408 e90c | 0000 0048 | b8b0 dce9 
  0x0000019e420dcec0: 4cfd 7f00 | 00ff d048 | 83c4 2049 | c787 9803 | 0000 0000 | 0000 49c7 | 87a8 0300 | 0000 0000 
  0x0000019e420dcee0: 0049 c787 | a003 0000 | 0000 0000 | c5f8 7749 | 837f 0800 | 0f84 0500 | 0000 e901 | 40ff ff4c 
  0x0000019e420dcf00: 8b6d c04c | 8b75 c84e | 8d74 f500 | c348 8b5d | e848 8b43 | 5849 8d8f | b803 0000 | c5f8 7749 
  0x0000019e420dcf20: 89af a803 | 0000 49ba | 1ccf 0d42 | 9e01 0000 | 4d89 97a0 | 0300 0049 | 89a7 9803 | 0000 41c7 
  0x0000019e420dcf40: 874c 0400 | 0004 0000 | 00ff d0c5 | f877 4883 | ec10 c5fb | 1104 2448 | 83ec 1048 | 8904 2448 
  0x0000019e420dcf60: c744 2408 | 0000 0000 | 41c7 874c | 0400 0005 | 0000 00f0 | 8344 24c0 | 0049 3baf | 5004 0000 
  0x0000019e420dcf80: 0f87 0e00 | 0000 4183 | bf48 0400 | 0000 0f84 | 2000 0000 | 498b cf4c | 8be4 4883 | ec20 4883 
  0x0000019e420dcfa0: e4f0 48b8 | 2036 eb4c | fd7f 0000 | ffd0 498b | e44d 33e4 | 41c7 874c | 0400 0008 | 0000 0049 
  0x0000019e420dcfc0: c787 9803 | 0000 0000 | 0000 49c7 | 87a8 0300 | 0000 0000 | 0049 c787 | a003 0000 | 0000 0000 
  0x0000019e420dcfe0: c5f8 774d | 8b9f 2804 | 0000 41c7 | 8300 0100 | 0000 0000 | 0049 bbda | a30d 429e | 0100 004c 
  0x0000019e420dd000: 3b5d 180f | 8524 0300 | 0048 8b04 | 2448 83c4 | 1048 85c0 | 0f84 fe02 | 0000 a803 | 0f85 0800 
  0x0000019e420dd020: 0000 488b | 00e9 ee02 | 0000 a801 | 0f85 0900 | 0000 488b | 40fe e9dd | 0200 0048 | 8b40 ff41 
  0x0000019e420dd040: 807f 4000 | 0f84 ce02 | 0000 4883 | f800 0f84 | c402 0000 | 4d8b 5f28 | 4983 fb00 | 0f84 1400 
  0x0000019e420dd060: 0000 4983 | eb08 4d89 | 5f28 4d03 | 5f38 4989 | 03e9 a202 | 0000 4881 | ec50 0100 | 0048 8904 
  0x0000019e420dd080: 2448 894c | 2408 4889 | 5424 1048 | 8974 2418 | 4889 7c24 | 204c 8944 | 2428 4c89 | 4c24 304c 
  0x0000019e420dd0a0: 8954 2438 | 4c89 5c24 | 40c5 fb11 | 4424 50c5 | fb11 4c24 | 58c5 fb11 | 5424 60c5 | fb11 5c24 
  0x0000019e420dd0c0: 68c5 fb11 | 6424 70c5 | fb11 6c24 | 78c5 fb11 | b424 8000 | 0000 c5fb | 11bc 2488 | 0000 00c5 
  0x0000019e420dd0e0: 7b11 8424 | 9000 0000 | c57b 118c | 2498 0000 | 00c5 7b11 | 9424 a000 | 0000 c57b | 119c 24a8 
  0x0000019e420dd100: 0000 00c5 | 7b11 a424 | b000 0000 | c57b 11ac | 24b8 0000 | 00c5 7b11 | b424 c000 | 0000 c57b 
  0x0000019e420dd120: 11bc 24c8 | 0000 0062 | e1ff 0811 | 4424 1a62 | e1ff 0811 | 4c24 1b62 | e1ff 0811 | 5424 1c62 
  0x0000019e420dd140: e1ff 0811 | 5c24 1d62 | e1ff 0811 | 6424 1e62 | e1ff 0811 | 6c24 1f62 | e1ff 0811 | 7424 2062 
  0x0000019e420dd160: e1ff 0811 | 7c24 2162 | 61ff 0811 | 4424 2262 | 61ff 0811 | 4c24 2362 | 61ff 0811 | 5424 2462 
  0x0000019e420dd180: 61ff 0811 | 5c24 2562 | 61ff 0811 | 6424 2662 | 61ff 0811 | 6c24 2762 | 61ff 0811 | 7424 2862 
  0x0000019e420dd1a0: 61ff 0811 | 7c24 2949 | 8bd7 488b | c848 83ec | 2040 f6c4 | 0f0f 8419 | 0000 0048 | 83ec 0848 
  0x0000019e420dd1c0: b810 85de | 4cfd 7f00 | 00ff d048 | 83c4 08e9 | 0c00 0000 | 48b8 1085 | de4c fd7f | 0000 ffd0 
  0x0000019e420dd1e0: 4883 c420 | 6261 ff08 | 107c 2429 | 6261 ff08 | 1074 2428 | 6261 ff08 | 106c 2427 | 6261 ff08 
  0x0000019e420dd200: 1064 2426 | 6261 ff08 | 105c 2425 | 6261 ff08 | 1054 2424 | 6261 ff08 | 104c 2423 | 6261 ff08 
  0x0000019e420dd220: 1044 2422 | 62e1 ff08 | 107c 2421 | 62e1 ff08 | 1074 2420 | 62e1 ff08 | 106c 241f | 62e1 ff08 
  0x0000019e420dd240: 1064 241e | 62e1 ff08 | 105c 241d | 62e1 ff08 | 1054 241c | 62e1 ff08 | 104c 241b | 62e1 ff08 
  0x0000019e420dd260: 1044 241a | c57b 10bc | 24c8 0000 | 00c5 7b10 | b424 c000 | 0000 c57b | 10ac 24b8 | 0000 00c5 
  0x0000019e420dd280: 7b10 a424 | b000 0000 | c57b 109c | 24a8 0000 | 00c5 7b10 | 9424 a000 | 0000 c57b | 108c 2498 
  0x0000019e420dd2a0: 0000 00c5 | 7b10 8424 | 9000 0000 | c5fb 10bc | 2488 0000 | 00c5 fb10 | b424 8000 | 0000 c5fb 
  0x0000019e420dd2c0: 106c 2478 | c5fb 1064 | 2470 c5fb | 105c 2468 | c5fb 1054 | 2460 c5fb | 104c 2458 | c5fb 1044 
  0x0000019e420dd2e0: 2450 4c8b | 5c24 404c | 8b54 2438 | 4c8b 4c24 | 304c 8b44 | 2428 488b | 7c24 2048 | 8b74 2418 
  0x0000019e420dd300: 488b 5424 | 1048 8b4c | 2408 488b | 0424 4881 | c450 0100 | 00c5 f877 | 4889 4510 | 4883 ec10 
  0x0000019e420dd320: 4889 0424 | 48c7 4424 | 0800 0000 | 0041 83bf | c804 0000 | 020f 85bf | 0000 0048 | 81ec 8000 
  0x0000019e420dd340: 0000 4889 | 4424 7848 | 894c 2470 | 4889 5424 | 6848 895c | 2460 4889 | 6c24 5048 | 8974 2448 
  0x0000019e420dd360: 4889 7c24 | 404c 8944 | 2438 4c89 | 4c24 304c | 8954 2428 | 4c89 5c24 | 204c 8964 | 2418 4c89 
  0x0000019e420dd380: 6c24 104c | 8974 2408 | 4c89 3c24 | 4c8b e448 | 83ec 2048 | 83e4 f048 | b8b0 ef1f | 4dfd 7f00 
  0x0000019e420dd3a0: 00ff d049 | 8be4 4c8b | 3c24 4c8b | 7424 084c | 8b6c 2410 | 4c8b 6424 | 184c 8b5c | 2420 4c8b 
  0x0000019e420dd3c0: 5424 284c | 8b4c 2430 | 4c8b 4424 | 3848 8b7c | 2440 488b | 7424 4848 | 8b6c 2450 | 488b 5c24 
  0x0000019e420dd3e0: 6048 8b54 | 2468 488b | 4c24 7048 | 8b44 2478 | 4881 c480 | 0000 004d | 33e4 488b | 5de8 4c8b 
  0x0000019e420dd400: 6b08 4d8d | 6d38 4983 | 7f08 000f | 84bb 0000 | 00e8 0500 | 0000 e996 | 0000 0048 | 8d44 2408 
  0x0000019e420dd420: 4c89 6dc0 | 498b cfc5 | f877 4989 | afa8 0300 | 0049 8987 | 9803 0000 | 4883 ec20 | 40f6 c40f 
  0x0000019e420dd440: 0f84 1900 | 0000 4883 | ec08 48b8 | 40fa e94c | fd7f 0000 | ffd0 4883 | c408 e90c | 0000 0048 
  0x0000019e420dd460: b840 fae9 | 4cfd 7f00 | 00ff d048 | 83c4 2049 | c787 9803 | 0000 0000 | 0000 49c7 | 87a8 0300 
  0x0000019e420dd480: 0000 0000 | 0049 c787 | a003 0000 | 0000 0000 | c5f8 7749 | 837f 0800 | 0f84 0500 | 0000 e95d 
  0x0000019e420dd4a0: 3aff ff4c | 8b6d c04c | 8b75 c84e | 8d74 f500 | c348 b910 | e14b 4dfd | 7f00 0048 | 83e4 f048 
  0x0000019e420dd4c0: b800 a20e | 4dfd 7f00 | 00ff d0f4 | 448b 5b28 | 41f6 c320 | 0f84 4401 | 0000 488d | 55a8 4c8b 
  0x0000019e420dd4e0: 5a08 4d85 | db0f 85bb | 0000 00e8 | 0500 0000 | e996 0000 | 0048 8d44 | 2408 4c89 | 6dc0 498b 
  0x0000019e420dd500: cfc5 f877 | 4989 afa8 | 0300 0049 | 8987 9803 | 0000 4883 | ec20 40f6 | c40f 0f84 | 1900 0000 
  0x0000019e420dd520: 4883 ec08 | 48b8 70f9 | e94c fd7f | 0000 ffd0 | 4883 c408 | e90c 0000 | 0048 b870 | f9e9 4cfd 
  0x0000019e420dd540: 7f00 00ff | d048 83c4 | 2049 c787 | 9803 0000 | 0000 0000 | 49c7 87a8 | 0300 0000 | 0000 0049 
  0x0000019e420dd560: c787 a003 | 0000 0000 | 0000 c5f8 | 7749 837f | 0800 0f84 | 0500 0000 | e983 39ff | ff4c 8b6d 
  0x0000019e420dd580: c04c 8b75 | c84e 8d74 | f500 c348 | b910 e14b | 4dfd 7f00 | 0048 83e4 | f048 b800 | a20e 4dfd 
  0x0000019e420dd5a0: 7f00 00ff | d0f4 4c89 | 6dc0 488d | 024c 8b4a | 0848 c742 | 0800 0000 | 004c 8b00 | 4d85 c00f 
  0x0000019e420dd5c0: 840b 0000 | 00f0 4d0f | b101 0f85 | 0c00 0000 | 49ff 8f50 | 0500 00e9 | 3e00 0000 | 4c89 4a08 
  0x0000019e420dd5e0: 488b ca48 | 83ec 2040 | f6c4 0f0f | 8419 0000 | 0048 83ec | 0848 b8c0 | cce9 4cfd | 7f00 00ff 
  0x0000019e420dd600: d048 83c4 | 08e9 0c00 | 0000 48b8 | c0cc e94c | fd7f 0000 | ffd0 4883 | c420 4c8b | 6dc0 49ba 
  0x0000019e420dd620: 3f89 754d | fd7f 0000 | 4180 3a00 | 0f84 3e00 | 0000 488b | 55e8 498b | cf48 83ec | 2040 f6c4 
  0x0000019e420dd640: 0f0f 8419 | 0000 0048 | 83ec 0848 | b810 b81f | 4dfd 7f00 | 00ff d048 | 83c4 08e9 | 0c00 0000 
  0x0000019e420dd660: 48b8 10b8 | 1f4d fd7f | 0000 ffd0 | 4883 c420 | 488b 0424 | 4883 c410 | c5fb 1004 | 2448 83c4 
  0x0000019e420dd680: 104c 8b5d | 1841 ffd3 | 4c8b 5df8 | c95f 498b | e3ff e7ba | 0000 0000 | e805 0000 | 00e9 9600 
  0x0000019e420dd6a0: 0000 488d | 4424 084c | 896d c049 | 8bcf c5f8 | 7749 89af | a803 0000 | 4989 8798 | 0300 0048 
  0x0000019e420dd6c0: 83ec 2040 | f6c4 0f0f | 8419 0000 | 0048 83ec | 0848 b890 | c0e9 4cfd | 7f00 00ff | d048 83c4 
  0x0000019e420dd6e0: 08e9 0c00 | 0000 48b8 | 90c0 e94c | fd7f 0000 | ffd0 4883 | c420 49c7 | 8798 0300 | 0000 0000 
  0x0000019e420dd700: 0049 c787 | a803 0000 | 0000 0000 | 49c7 87a0 | 0300 0000 | 0000 00c5 | f877 4983 | 7f08 000f 
  0x0000019e420dd720: 8405 0000 | 00e9 d637 | ffff 4c8b | 6dc0 4c8b | 75c8 4e8d | 74f5 00c3 | 488b 5de8 | e95b f5ff 
  0x0000019e420dd740: ff0f 1f80 | 0000 0000 
[/MachCode]

---------------  P R O C E S S  ---------------

Threads class SMR info:
_java_thread_list=0x0000019e51afaf80, length=12, elements={
0x0000019e302e2c70, 0x0000019e517f26a0, 0x0000019e517f35c0, 0x0000019e517f5390,
0x0000019e517f8080, 0x0000019e517f8ae0, 0x0000019e517f9540, 0x0000019e517fa2d0,
0x0000019e51808440, 0x0000019e51a11950, 0x0000019e51ba2690, 0x0000019e51ba2d00
}

Java Threads: ( => current thread )
=>0x0000019e302e2c70 JavaThread "main"                              [_thread_in_vm, id=22712, stack(0x00000033d8800000,0x00000033d8900000) (1024K)]
  0x0000019e517f26a0 JavaThread "Reference Handler"          daemon [_thread_blocked, id=11116, stack(0x00000033d9000000,0x00000033d9100000) (1024K)]
  0x0000019e517f35c0 JavaThread "Finalizer"                  daemon [_thread_blocked, id=23300, stack(0x00000033d9100000,0x00000033d9200000) (1024K)]
  0x0000019e517f5390 JavaThread "Signal Dispatcher"          daemon [_thread_blocked, id=23632, stack(0x00000033d9200000,0x00000033d9300000) (1024K)]
  0x0000019e517f8080 JavaThread "Attach Listener"            daemon [_thread_blocked, id=6324, stack(0x00000033d9300000,0x00000033d9400000) (1024K)]
  0x0000019e517f8ae0 JavaThread "Service Thread"             daemon [_thread_blocked, id=19492, stack(0x00000033d9400000,0x00000033d9500000) (1024K)]
  0x0000019e517f9540 JavaThread "Monitor Deflation Thread"   daemon [_thread_blocked, id=11216, stack(0x00000033d9500000,0x00000033d9600000) (1024K)]
  0x0000019e517fa2d0 JavaThread "C2 CompilerThread0"         daemon [_thread_blocked, id=1548, stack(0x00000033d9600000,0x00000033d9700000) (1024K)]
  0x0000019e51808440 JavaThread "C1 CompilerThread0"         daemon [_thread_blocked, id=20588, stack(0x00000033d9700000,0x00000033d9800000) (1024K)]
  0x0000019e51a11950 JavaThread "Common-Cleaner"             daemon [_thread_blocked, id=24108, stack(0x00000033d9800000,0x00000033d9900000) (1024K)]
  0x0000019e51ba2690 JavaThread "Monitor Ctrl-Break"         daemon [_thread_in_native, id=32, stack(0x00000033d9900000,0x00000033d9a00000) (1024K)]
  0x0000019e51ba2d00 JavaThread "Notification Thread"        daemon [_thread_blocked, id=4700, stack(0x00000033d9a00000,0x00000033d9b00000) (1024K)]
Total: 12

Other Threads:
  0x0000019e517cdb30 VMThread "VM Thread"                           [id=11364, stack(0x00000033d8f00000,0x00000033d9000000) (1024K)]
  0x0000019e517b72e0 WatcherThread "VM Periodic Task Thread"        [id=20760, stack(0x00000033d8e00000,0x00000033d8f00000) (1024K)]
  0x0000019e32523610 WorkerThread "GC Thread#0"                     [id=24460, stack(0x00000033d8900000,0x00000033d8a00000) (1024K)]
  0x0000019e32534300 ConcurrentGCThread "G1 Main Marker"            [id=19212, stack(0x00000033d8a00000,0x00000033d8b00000) (1024K)]
  0x0000019e32534d10 WorkerThread "G1 Conc#0"                       [id=1644, stack(0x00000033d8b00000,0x00000033d8c00000) (1024K)]
  0x0000019e3258e900 ConcurrentGCThread "G1 Refine#0"               [id=14112, stack(0x00000033d8c00000,0x00000033d8d00000) (1024K)]
  0x0000019e5168a900 ConcurrentGCThread "G1 Service"                [id=3056, stack(0x00000033d8d00000,0x00000033d8e00000) (1024K)]
Total: 7

Threads with active compile tasks:
Total: 0

VM state: not at safepoint (normal execution)

VM Mutex/Monitor currently owned by a thread: None

Heap address: 0x0000000703a00000, size: 4038 MB, Compressed Oops mode: Zero based, Oop shift amount: 3

CDS archive(s) mapped at: [0x0000019e52000000-0x0000019e52c90000-0x0000019e52c90000), size 13172736, SharedBaseAddress: 0x0000019e52000000, ArchiveRelocationMode: 1.
Compressed class space mapped at: 0x0000019e53000000-0x0000019e93000000, reserved size: 1073741824
Narrow klass base: 0x0000019e52000000, Narrow klass shift: 0, Narrow klass range: 0x100000000

GC Precious Log:
 CardTable entry size: 512
 Card Set container configuration: InlinePtr #cards 4 size 8 Array Of Cards #cards 16 size 48 Howl #buckets 8 coarsen threshold 3686 Howl Bitmap #cards 512 size 80 coarsen threshold 460 Card regions per heap region 1 cards per card region 4096
 CPUs: 8 total, 8 available
 Memory: 16151M
 Large Page Support: Disabled
 NUMA Support: Disabled
 Compressed Oops: Enabled (Zero based)
 Heap Region Size: 2M
 Heap Min Capacity: 8M
 Heap Initial Capacity: 254M
 Heap Max Capacity: 4038M
 Pre-touch: Disabled
 Parallel Workers: 8
 Concurrent Workers: 2
 Concurrent Refinement Workers: 8
 Periodic GC: Disabled

Heap:
 garbage-first heap   total 260096K, used 10240K [0x0000000703a00000, 0x0000000800000000)
  region size 2048K, 6 young (12288K), 0 survivors (0K)
 Metaspace       used 3285K, committed 3456K, reserved 1114112K
  class space    used 304K, committed 384K, reserved 1048576K

Heap Regions: E=young(eden), S=young(survivor), O=old, HS=humongous(starts), HC=humongous(continues), CS=collection set, F=free, TAMS=top-at-mark-start, PB=parsable bottom
|   0|0x0000000703a00000, 0x0000000703a00000, 0x0000000703c00000|  0%| F|  |TAMS 0x0000000703a00000| PB 0x0000000703a00000| Untracked 
|   1|0x0000000703c00000, 0x0000000703c00000, 0x0000000703e00000|  0%| F|  |TAMS 0x0000000703c00000| PB 0x0000000703c00000| Untracked 
|   2|0x0000000703e00000, 0x0000000703e00000, 0x0000000704000000|  0%| F|  |TAMS 0x0000000703e00000| PB 0x0000000703e00000| Untracked 
|   3|0x0000000704000000, 0x0000000704000000, 0x0000000704200000|  0%| F|  |TAMS 0x0000000704000000| PB 0x0000000704000000| Untracked 
|   4|0x0000000704200000, 0x0000000704200000, 0x0000000704400000|  0%| F|  |TAMS 0x0000000704200000| PB 0x0000000704200000| Untracked 
|   5|0x0000000704400000, 0x0000000704400000, 0x0000000704600000|  0%| F|  |TAMS 0x0000000704400000| PB 0x0000000704400000| Untracked 
|   6|0x0000000704600000, 0x0000000704600000, 0x0000000704800000|  0%| F|  |TAMS 0x0000000704600000| PB 0x0000000704600000| Untracked 
|   7|0x0000000704800000, 0x0000000704800000, 0x0000000704a00000|  0%| F|  |TAMS 0x0000000704800000| PB 0x0000000704800000| Untracked 
|   8|0x0000000704a00000, 0x0000000704a00000, 0x0000000704c00000|  0%| F|  |TAMS 0x0000000704a00000| PB 0x0000000704a00000| Untracked 
|   9|0x0000000704c00000, 0x0000000704c00000, 0x0000000704e00000|  0%| F|  |TAMS 0x0000000704c00000| PB 0x0000000704c00000| Untracked 
|  10|0x0000000704e00000, 0x0000000704e00000, 0x0000000705000000|  0%| F|  |TAMS 0x0000000704e00000| PB 0x0000000704e00000| Untracked 
|  11|0x0000000705000000, 0x0000000705000000, 0x0000000705200000|  0%| F|  |TAMS 0x0000000705000000| PB 0x0000000705000000| Untracked 
|  12|0x0000000705200000, 0x0000000705200000, 0x0000000705400000|  0%| F|  |TAMS 0x0000000705200000| PB 0x0000000705200000| Untracked 
|  13|0x0000000705400000, 0x0000000705400000, 0x0000000705600000|  0%| F|  |TAMS 0x0000000705400000| PB 0x0000000705400000| Untracked 
|  14|0x0000000705600000, 0x0000000705600000, 0x0000000705800000|  0%| F|  |TAMS 0x0000000705600000| PB 0x0000000705600000| Untracked 
|  15|0x0000000705800000, 0x0000000705800000, 0x0000000705a00000|  0%| F|  |TAMS 0x0000000705800000| PB 0x0000000705800000| Untracked 
|  16|0x0000000705a00000, 0x0000000705a00000, 0x0000000705c00000|  0%| F|  |TAMS 0x0000000705a00000| PB 0x0000000705a00000| Untracked 
|  17|0x0000000705c00000, 0x0000000705c00000, 0x0000000705e00000|  0%| F|  |TAMS 0x0000000705c00000| PB 0x0000000705c00000| Untracked 
|  18|0x0000000705e00000, 0x0000000705e00000, 0x0000000706000000|  0%| F|  |TAMS 0x0000000705e00000| PB 0x0000000705e00000| Untracked 
|  19|0x0000000706000000, 0x0000000706000000, 0x0000000706200000|  0%| F|  |TAMS 0x0000000706000000| PB 0x0000000706000000| Untracked 
|  20|0x0000000706200000, 0x0000000706200000, 0x0000000706400000|  0%| F|  |TAMS 0x0000000706200000| PB 0x0000000706200000| Untracked 
|  21|0x0000000706400000, 0x0000000706400000, 0x0000000706600000|  0%| F|  |TAMS 0x0000000706400000| PB 0x0000000706400000| Untracked 
|  22|0x0000000706600000, 0x0000000706600000, 0x0000000706800000|  0%| F|  |TAMS 0x0000000706600000| PB 0x0000000706600000| Untracked 
|  23|0x0000000706800000, 0x0000000706800000, 0x0000000706a00000|  0%| F|  |TAMS 0x0000000706800000| PB 0x0000000706800000| Untracked 
|  24|0x0000000706a00000, 0x0000000706a00000, 0x0000000706c00000|  0%| F|  |TAMS 0x0000000706a00000| PB 0x0000000706a00000| Untracked 
|  25|0x0000000706c00000, 0x0000000706c00000, 0x0000000706e00000|  0%| F|  |TAMS 0x0000000706c00000| PB 0x0000000706c00000| Untracked 
|  26|0x0000000706e00000, 0x0000000706e00000, 0x0000000707000000|  0%| F|  |TAMS 0x0000000706e00000| PB 0x0000000706e00000| Untracked 
|  27|0x0000000707000000, 0x0000000707000000, 0x0000000707200000|  0%| F|  |TAMS 0x0000000707000000| PB 0x0000000707000000| Untracked 
|  28|0x0000000707200000, 0x0000000707200000, 0x0000000707400000|  0%| F|  |TAMS 0x0000000707200000| PB 0x0000000707200000| Untracked 
|  29|0x0000000707400000, 0x0000000707400000, 0x0000000707600000|  0%| F|  |TAMS 0x0000000707400000| PB 0x0000000707400000| Untracked 
|  30|0x0000000707600000, 0x0000000707600000, 0x0000000707800000|  0%| F|  |TAMS 0x0000000707600000| PB 0x0000000707600000| Untracked 
|  31|0x0000000707800000, 0x0000000707800000, 0x0000000707a00000|  0%| F|  |TAMS 0x0000000707800000| PB 0x0000000707800000| Untracked 
|  32|0x0000000707a00000, 0x0000000707a00000, 0x0000000707c00000|  0%| F|  |TAMS 0x0000000707a00000| PB 0x0000000707a00000| Untracked 
|  33|0x0000000707c00000, 0x0000000707c00000, 0x0000000707e00000|  0%| F|  |TAMS 0x0000000707c00000| PB 0x0000000707c00000| Untracked 
|  34|0x0000000707e00000, 0x0000000707e00000, 0x0000000708000000|  0%| F|  |TAMS 0x0000000707e00000| PB 0x0000000707e00000| Untracked 
|  35|0x0000000708000000, 0x0000000708000000, 0x0000000708200000|  0%| F|  |TAMS 0x0000000708000000| PB 0x0000000708000000| Untracked 
|  36|0x0000000708200000, 0x0000000708200000, 0x0000000708400000|  0%| F|  |TAMS 0x0000000708200000| PB 0x0000000708200000| Untracked 
|  37|0x0000000708400000, 0x0000000708400000, 0x0000000708600000|  0%| F|  |TAMS 0x0000000708400000| PB 0x0000000708400000| Untracked 
|  38|0x0000000708600000, 0x0000000708600000, 0x0000000708800000|  0%| F|  |TAMS 0x0000000708600000| PB 0x0000000708600000| Untracked 
|  39|0x0000000708800000, 0x0000000708800000, 0x0000000708a00000|  0%| F|  |TAMS 0x0000000708800000| PB 0x0000000708800000| Untracked 
|  40|0x0000000708a00000, 0x0000000708a00000, 0x0000000708c00000|  0%| F|  |TAMS 0x0000000708a00000| PB 0x0000000708a00000| Untracked 
|  41|0x0000000708c00000, 0x0000000708c00000, 0x0000000708e00000|  0%| F|  |TAMS 0x0000000708c00000| PB 0x0000000708c00000| Untracked 
|  42|0x0000000708e00000, 0x0000000708e00000, 0x0000000709000000|  0%| F|  |TAMS 0x0000000708e00000| PB 0x0000000708e00000| Untracked 
|  43|0x0000000709000000, 0x0000000709000000, 0x0000000709200000|  0%| F|  |TAMS 0x0000000709000000| PB 0x0000000709000000| Untracked 
|  44|0x0000000709200000, 0x0000000709200000, 0x0000000709400000|  0%| F|  |TAMS 0x0000000709200000| PB 0x0000000709200000| Untracked 
|  45|0x0000000709400000, 0x0000000709400000, 0x0000000709600000|  0%| F|  |TAMS 0x0000000709400000| PB 0x0000000709400000| Untracked 
|  46|0x0000000709600000, 0x0000000709600000, 0x0000000709800000|  0%| F|  |TAMS 0x0000000709600000| PB 0x0000000709600000| Untracked 
|  47|0x0000000709800000, 0x0000000709800000, 0x0000000709a00000|  0%| F|  |TAMS 0x0000000709800000| PB 0x0000000709800000| Untracked 
|  48|0x0000000709a00000, 0x0000000709a00000, 0x0000000709c00000|  0%| F|  |TAMS 0x0000000709a00000| PB 0x0000000709a00000| Untracked 
|  49|0x0000000709c00000, 0x0000000709c00000, 0x0000000709e00000|  0%| F|  |TAMS 0x0000000709c00000| PB 0x0000000709c00000| Untracked 
|  50|0x0000000709e00000, 0x0000000709e00000, 0x000000070a000000|  0%| F|  |TAMS 0x0000000709e00000| PB 0x0000000709e00000| Untracked 
|  51|0x000000070a000000, 0x000000070a000000, 0x000000070a200000|  0%| F|  |TAMS 0x000000070a000000| PB 0x000000070a000000| Untracked 
|  52|0x000000070a200000, 0x000000070a200000, 0x000000070a400000|  0%| F|  |TAMS 0x000000070a200000| PB 0x000000070a200000| Untracked 
|  53|0x000000070a400000, 0x000000070a400000, 0x000000070a600000|  0%| F|  |TAMS 0x000000070a400000| PB 0x000000070a400000| Untracked 
|  54|0x000000070a600000, 0x000000070a600000, 0x000000070a800000|  0%| F|  |TAMS 0x000000070a600000| PB 0x000000070a600000| Untracked 
|  55|0x000000070a800000, 0x000000070a800000, 0x000000070aa00000|  0%| F|  |TAMS 0x000000070a800000| PB 0x000000070a800000| Untracked 
|  56|0x000000070aa00000, 0x000000070aa00000, 0x000000070ac00000|  0%| F|  |TAMS 0x000000070aa00000| PB 0x000000070aa00000| Untracked 
|  57|0x000000070ac00000, 0x000000070ac00000, 0x000000070ae00000|  0%| F|  |TAMS 0x000000070ac00000| PB 0x000000070ac00000| Untracked 
|  58|0x000000070ae00000, 0x000000070ae00000, 0x000000070b000000|  0%| F|  |TAMS 0x000000070ae00000| PB 0x000000070ae00000| Untracked 
|  59|0x000000070b000000, 0x000000070b000000, 0x000000070b200000|  0%| F|  |TAMS 0x000000070b000000| PB 0x000000070b000000| Untracked 
|  60|0x000000070b200000, 0x000000070b200000, 0x000000070b400000|  0%| F|  |TAMS 0x000000070b200000| PB 0x000000070b200000| Untracked 
|  61|0x000000070b400000, 0x000000070b400000, 0x000000070b600000|  0%| F|  |TAMS 0x000000070b400000| PB 0x000000070b400000| Untracked 
|  62|0x000000070b600000, 0x000000070b600000, 0x000000070b800000|  0%| F|  |TAMS 0x000000070b600000| PB 0x000000070b600000| Untracked 
|  63|0x000000070b800000, 0x000000070b800000, 0x000000070ba00000|  0%| F|  |TAMS 0x000000070b800000| PB 0x000000070b800000| Untracked 
|  64|0x000000070ba00000, 0x000000070ba00000, 0x000000070bc00000|  0%| F|  |TAMS 0x000000070ba00000| PB 0x000000070ba00000| Untracked 
|  65|0x000000070bc00000, 0x000000070bc00000, 0x000000070be00000|  0%| F|  |TAMS 0x000000070bc00000| PB 0x000000070bc00000| Untracked 
|  66|0x000000070be00000, 0x000000070be00000, 0x000000070c000000|  0%| F|  |TAMS 0x000000070be00000| PB 0x000000070be00000| Untracked 
|  67|0x000000070c000000, 0x000000070c000000, 0x000000070c200000|  0%| F|  |TAMS 0x000000070c000000| PB 0x000000070c000000| Untracked 
|  68|0x000000070c200000, 0x000000070c200000, 0x000000070c400000|  0%| F|  |TAMS 0x000000070c200000| PB 0x000000070c200000| Untracked 
|  69|0x000000070c400000, 0x000000070c400000, 0x000000070c600000|  0%| F|  |TAMS 0x000000070c400000| PB 0x000000070c400000| Untracked 
|  70|0x000000070c600000, 0x000000070c600000, 0x000000070c800000|  0%| F|  |TAMS 0x000000070c600000| PB 0x000000070c600000| Untracked 
|  71|0x000000070c800000, 0x000000070c800000, 0x000000070ca00000|  0%| F|  |TAMS 0x000000070c800000| PB 0x000000070c800000| Untracked 
|  72|0x000000070ca00000, 0x000000070ca00000, 0x000000070cc00000|  0%| F|  |TAMS 0x000000070ca00000| PB 0x000000070ca00000| Untracked 
|  73|0x000000070cc00000, 0x000000070cc00000, 0x000000070ce00000|  0%| F|  |TAMS 0x000000070cc00000| PB 0x000000070cc00000| Untracked 
|  74|0x000000070ce00000, 0x000000070ce00000, 0x000000070d000000|  0%| F|  |TAMS 0x000000070ce00000| PB 0x000000070ce00000| Untracked 
|  75|0x000000070d000000, 0x000000070d000000, 0x000000070d200000|  0%| F|  |TAMS 0x000000070d000000| PB 0x000000070d000000| Untracked 
|  76|0x000000070d200000, 0x000000070d200000, 0x000000070d400000|  0%| F|  |TAMS 0x000000070d200000| PB 0x000000070d200000| Untracked 
|  77|0x000000070d400000, 0x000000070d400000, 0x000000070d600000|  0%| F|  |TAMS 0x000000070d400000| PB 0x000000070d400000| Untracked 
|  78|0x000000070d600000, 0x000000070d600000, 0x000000070d800000|  0%| F|  |TAMS 0x000000070d600000| PB 0x000000070d600000| Untracked 
|  79|0x000000070d800000, 0x000000070d800000, 0x000000070da00000|  0%| F|  |TAMS 0x000000070d800000| PB 0x000000070d800000| Untracked 
|  80|0x000000070da00000, 0x000000070da00000, 0x000000070dc00000|  0%| F|  |TAMS 0x000000070da00000| PB 0x000000070da00000| Untracked 
|  81|0x000000070dc00000, 0x000000070dc00000, 0x000000070de00000|  0%| F|  |TAMS 0x000000070dc00000| PB 0x000000070dc00000| Untracked 
|  82|0x000000070de00000, 0x000000070de00000, 0x000000070e000000|  0%| F|  |TAMS 0x000000070de00000| PB 0x000000070de00000| Untracked 
|  83|0x000000070e000000, 0x000000070e000000, 0x000000070e200000|  0%| F|  |TAMS 0x000000070e000000| PB 0x000000070e000000| Untracked 
|  84|0x000000070e200000, 0x000000070e200000, 0x000000070e400000|  0%| F|  |TAMS 0x000000070e200000| PB 0x000000070e200000| Untracked 
|  85|0x000000070e400000, 0x000000070e400000, 0x000000070e600000|  0%| F|  |TAMS 0x000000070e400000| PB 0x000000070e400000| Untracked 
|  86|0x000000070e600000, 0x000000070e600000, 0x000000070e800000|  0%| F|  |TAMS 0x000000070e600000| PB 0x000000070e600000| Untracked 
|  87|0x000000070e800000, 0x000000070e800000, 0x000000070ea00000|  0%| F|  |TAMS 0x000000070e800000| PB 0x000000070e800000| Untracked 
|  88|0x000000070ea00000, 0x000000070ea00000, 0x000000070ec00000|  0%| F|  |TAMS 0x000000070ea00000| PB 0x000000070ea00000| Untracked 
|  89|0x000000070ec00000, 0x000000070ec00000, 0x000000070ee00000|  0%| F|  |TAMS 0x000000070ec00000| PB 0x000000070ec00000| Untracked 
|  90|0x000000070ee00000, 0x000000070ee00000, 0x000000070f000000|  0%| F|  |TAMS 0x000000070ee00000| PB 0x000000070ee00000| Untracked 
|  91|0x000000070f000000, 0x000000070f000000, 0x000000070f200000|  0%| F|  |TAMS 0x000000070f000000| PB 0x000000070f000000| Untracked 
|  92|0x000000070f200000, 0x000000070f200000, 0x000000070f400000|  0%| F|  |TAMS 0x000000070f200000| PB 0x000000070f200000| Untracked 
|  93|0x000000070f400000, 0x000000070f400000, 0x000000070f600000|  0%| F|  |TAMS 0x000000070f400000| PB 0x000000070f400000| Untracked 
|  94|0x000000070f600000, 0x000000070f600000, 0x000000070f800000|  0%| F|  |TAMS 0x000000070f600000| PB 0x000000070f600000| Untracked 
|  95|0x000000070f800000, 0x000000070f800000, 0x000000070fa00000|  0%| F|  |TAMS 0x000000070f800000| PB 0x000000070f800000| Untracked 
|  96|0x000000070fa00000, 0x000000070fa00000, 0x000000070fc00000|  0%| F|  |TAMS 0x000000070fa00000| PB 0x000000070fa00000| Untracked 
|  97|0x000000070fc00000, 0x000000070fc00000, 0x000000070fe00000|  0%| F|  |TAMS 0x000000070fc00000| PB 0x000000070fc00000| Untracked 
|  98|0x000000070fe00000, 0x000000070fe00000, 0x0000000710000000|  0%| F|  |TAMS 0x000000070fe00000| PB 0x000000070fe00000| Untracked 
|  99|0x0000000710000000, 0x0000000710000000, 0x0000000710200000|  0%| F|  |TAMS 0x0000000710000000| PB 0x0000000710000000| Untracked 
| 100|0x0000000710200000, 0x0000000710200000, 0x0000000710400000|  0%| F|  |TAMS 0x0000000710200000| PB 0x0000000710200000| Untracked 
| 101|0x0000000710400000, 0x0000000710400000, 0x0000000710600000|  0%| F|  |TAMS 0x0000000710400000| PB 0x0000000710400000| Untracked 
| 102|0x0000000710600000, 0x0000000710600000, 0x0000000710800000|  0%| F|  |TAMS 0x0000000710600000| PB 0x0000000710600000| Untracked 
| 103|0x0000000710800000, 0x0000000710800000, 0x0000000710a00000|  0%| F|  |TAMS 0x0000000710800000| PB 0x0000000710800000| Untracked 
| 104|0x0000000710a00000, 0x0000000710a00000, 0x0000000710c00000|  0%| F|  |TAMS 0x0000000710a00000| PB 0x0000000710a00000| Untracked 
| 105|0x0000000710c00000, 0x0000000710c00000, 0x0000000710e00000|  0%| F|  |TAMS 0x0000000710c00000| PB 0x0000000710c00000| Untracked 
| 106|0x0000000710e00000, 0x0000000710e00000, 0x0000000711000000|  0%| F|  |TAMS 0x0000000710e00000| PB 0x0000000710e00000| Untracked 
| 107|0x0000000711000000, 0x0000000711000000, 0x0000000711200000|  0%| F|  |TAMS 0x0000000711000000| PB 0x0000000711000000| Untracked 
| 108|0x0000000711200000, 0x0000000711200000, 0x0000000711400000|  0%| F|  |TAMS 0x0000000711200000| PB 0x0000000711200000| Untracked 
| 109|0x0000000711400000, 0x0000000711400000, 0x0000000711600000|  0%| F|  |TAMS 0x0000000711400000| PB 0x0000000711400000| Untracked 
| 110|0x0000000711600000, 0x0000000711600000, 0x0000000711800000|  0%| F|  |TAMS 0x0000000711600000| PB 0x0000000711600000| Untracked 
| 111|0x0000000711800000, 0x0000000711800000, 0x0000000711a00000|  0%| F|  |TAMS 0x0000000711800000| PB 0x0000000711800000| Untracked 
| 112|0x0000000711a00000, 0x0000000711a00000, 0x0000000711c00000|  0%| F|  |TAMS 0x0000000711a00000| PB 0x0000000711a00000| Untracked 
| 113|0x0000000711c00000, 0x0000000711c00000, 0x0000000711e00000|  0%| F|  |TAMS 0x0000000711c00000| PB 0x0000000711c00000| Untracked 
| 114|0x0000000711e00000, 0x0000000711e00000, 0x0000000712000000|  0%| F|  |TAMS 0x0000000711e00000| PB 0x0000000711e00000| Untracked 
| 115|0x0000000712000000, 0x0000000712000000, 0x0000000712200000|  0%| F|  |TAMS 0x0000000712000000| PB 0x0000000712000000| Untracked 
| 116|0x0000000712200000, 0x0000000712200000, 0x0000000712400000|  0%| F|  |TAMS 0x0000000712200000| PB 0x0000000712200000| Untracked 
| 117|0x0000000712400000, 0x0000000712400000, 0x0000000712600000|  0%| F|  |TAMS 0x0000000712400000| PB 0x0000000712400000| Untracked 
| 118|0x0000000712600000, 0x0000000712600000, 0x0000000712800000|  0%| F|  |TAMS 0x0000000712600000| PB 0x0000000712600000| Untracked 
| 119|0x0000000712800000, 0x0000000712800000, 0x0000000712a00000|  0%| F|  |TAMS 0x0000000712800000| PB 0x0000000712800000| Untracked 
| 120|0x0000000712a00000, 0x0000000712a00000, 0x0000000712c00000|  0%| F|  |TAMS 0x0000000712a00000| PB 0x0000000712a00000| Untracked 
| 121|0x0000000712c00000, 0x0000000712d54098, 0x0000000712e00000| 66%| E|  |TAMS 0x0000000712c00000| PB 0x0000000712c00000| Complete 
| 122|0x0000000712e00000, 0x0000000713000000, 0x0000000713000000|100%| E|CS|TAMS 0x0000000712e00000| PB 0x0000000712e00000| Complete 
| 123|0x0000000713000000, 0x0000000713200000, 0x0000000713200000|100%| E|CS|TAMS 0x0000000713000000| PB 0x0000000713000000| Complete 
| 124|0x0000000713200000, 0x0000000713400000, 0x0000000713400000|100%| E|CS|TAMS 0x0000000713200000| PB 0x0000000713200000| Complete 
| 125|0x0000000713400000, 0x0000000713600000, 0x0000000713600000|100%| E|CS|TAMS 0x0000000713400000| PB 0x0000000713400000| Complete 
| 126|0x0000000713600000, 0x0000000713800000, 0x0000000713800000|100%| E|CS|TAMS 0x0000000713600000| PB 0x0000000713600000| Complete 

Card table byte_map: [0x0000019e4a6c0000,0x0000019e4aeb0000] _byte_map_base: 0x0000019e46ea3000

Marking Bits: (CMBitMap*) 0x0000019e32523c20
 Bits: [0x0000019e4aeb0000, 0x0000019e4edc8000)

Polling page: 0x0000019e304d0000

Metaspace:

Usage:
  Non-class:      2.91 MB used.
      Class:    304.33 KB used.
       Both:      3.21 MB used.

Virtual space:
  Non-class space:       64.00 MB reserved,       3.00 MB (  5%) committed,  1 nodes.
      Class space:        1.00 GB reserved,     384.00 KB ( <1%) committed,  1 nodes.
             Both:        1.06 GB reserved,       3.38 MB ( <1%) committed. 

Chunk freelists:
   Non-Class:  10.89 MB
       Class:  15.60 MB
        Both:  26.49 MB

MaxMetaspaceSize: unlimited
CompressedClassSpaceSize: 1.00 GB
Initial GC threshold: 21.00 MB
Current GC threshold: 21.00 MB
CDS: on
 - commit_granule_bytes: 65536.
 - commit_granule_words: 8192.
 - virtual_space_node_default_size: 8388608.
 - enlarge_chunks_in_place: 1.
 - use_allocation_guard: 0.


Internal statistics:

num_allocs_failed_limit: 0.
num_arena_births: 44.
num_arena_deaths: 0.
num_vsnodes_births: 2.
num_vsnodes_deaths: 0.
num_space_committed: 54.
num_space_uncommitted: 0.
num_chunks_returned_to_freelist: 0.
num_chunks_taken_from_freelist: 105.
num_chunk_merges: 0.
num_chunk_splits: 72.
num_chunks_enlarged: 54.
num_inconsistent_stats: 0.

CodeHeap 'non-profiled nmethods': size=120000Kb used=265Kb max_used=265Kb free=119735Kb
 bounds [0x0000019e42670000, 0x0000019e428e0000, 0x0000019e49ba0000]
CodeHeap 'profiled nmethods': size=120000Kb used=1496Kb max_used=1496Kb free=118503Kb
 bounds [0x0000019e3aba0000, 0x0000019e3ae10000, 0x0000019e420d0000]
CodeHeap 'non-nmethods': size=5760Kb used=1483Kb max_used=1499Kb free=4277Kb
 bounds [0x0000019e420d0000, 0x0000019e42340000, 0x0000019e42670000]
 total_blobs=1274 nmethods=817 adapters=362
 compilation: enabled
              stopped_count=0, restarted_count=0
 full_count=0

Compilation events (20 events):
Event: 0.946 Thread 0x0000019e51808440 nmethod 800 0x0000019e3acfdd10 code [0x0000019e3acfdea0, 0x0000019e3acfdfb0]
Event: 0.946 Thread 0x0000019e51808440  779       3       sun.util.locale.LanguageTag::isLanguage (29 bytes)
Event: 0.947 Thread 0x0000019e51808440 nmethod 779 0x0000019e3acfe010 code [0x0000019e3acfe260, 0x0000019e3acfed00]
Event: 0.947 Thread 0x0000019e51808440  805       3       java.lang.invoke.MethodTypeForm::canonicalizeAll (63 bytes)
Event: 0.948 Thread 0x0000019e51808440 nmethod 805 0x0000019e3acff110 code [0x0000019e3acff300, 0x0000019e3acff950]
Event: 0.948 Thread 0x0000019e51808440  784       3       sun.util.locale.LanguageTag::getVariants (24 bytes)
Event: 0.948 Thread 0x0000019e51808440 nmethod 784 0x0000019e3acffb10 code [0x0000019e3acffce0, 0x0000019e3acfffc8]
Event: 0.948 Thread 0x0000019e51808440  787       3       sun.util.locale.LanguageTag::getExtensions (24 bytes)
Event: 0.948 Thread 0x0000019e51808440 nmethod 787 0x0000019e3ad00110 code [0x0000019e3ad002e0, 0x0000019e3ad005c8]
Event: 0.948 Thread 0x0000019e51808440  806       1       java.lang.invoke.DirectMethodHandle::internalMemberName (5 bytes)
Event: 0.948 Thread 0x0000019e51808440 nmethod 806 0x0000019e426aec90 code [0x0000019e426aee20, 0x0000019e426aeef0]
Event: 0.948 Thread 0x0000019e51808440  807       1       java.lang.invoke.MethodType::rtype (5 bytes)
Event: 0.948 Thread 0x0000019e51808440 nmethod 807 0x0000019e426aef90 code [0x0000019e426af120, 0x0000019e426af1f0]
Event: 0.950 Thread 0x0000019e517fa2d0 nmethod 802 0x0000019e426af290 code [0x0000019e426af4a0, 0x0000019e426afd20]
Event: 0.950 Thread 0x0000019e517fa2d0  808       4       java.lang.StringUTF16::getChar (60 bytes)
Event: 0.951 Thread 0x0000019e517fa2d0 nmethod 808 0x0000019e426b0410 code [0x0000019e426b05a0, 0x0000019e426b0690]
Event: 0.951 Thread 0x0000019e517fa2d0  803       4       java.util.HashMap::put (13 bytes)
Event: 0.953 Thread 0x0000019e51808440  810       3       sun.net.www.protocol.file.Handler::parseURL (18 bytes)
Event: 0.953 Thread 0x0000019e51808440 nmethod 810 0x0000019e3ad00710 code [0x0000019e3ad008c0, 0x0000019e3ad00a80]
Event: 0.953 Thread 0x0000019e51808440  811       3       java.net.URLStreamHandler::parseURL (1124 bytes)

GC Heap History (0 events):
No events

Dll operation events (12 events):
Event: 0.012 Loaded shared library C:\Users\langt\.jdks\corretto-21.0.3\bin\java.dll
Event: 0.055 Loaded shared library C:\Users\langt\.jdks\corretto-21.0.3\bin\jsvml.dll
Event: 0.113 Loaded shared library C:\Users\langt\.jdks\corretto-21.0.3\bin\zip.dll
Event: 0.122 Loaded shared library C:\Users\langt\.jdks\corretto-21.0.3\bin\instrument.dll
Event: 0.128 Loaded shared library C:\Users\langt\.jdks\corretto-21.0.3\bin\net.dll
Event: 0.131 Loaded shared library C:\Users\langt\.jdks\corretto-21.0.3\bin\nio.dll
Event: 0.135 Loaded shared library C:\Users\langt\.jdks\corretto-21.0.3\bin\zip.dll
Event: 0.153 Loaded shared library D:\INTELLIJ\IntelliJ IDEA 2023.2.1\bin\breakgen64.dll
Event: 0.164 Loaded shared library C:\Users\langt\.jdks\corretto-21.0.3\bin\extnet.dll
Event: 0.502 Loaded shared library C:\Users\langt\.jdks\corretto-21.0.3\bin\jimage.dll
Event: 0.628 Loaded shared library C:\Users\langt\AppData\Local\Temp\jansi-2.4.0-bf094e22200d10a8-jansi.dll
Event: 0.653 Loaded shared library C:\Users\langt\.jdks\corretto-21.0.3\bin\verify.dll

Deoptimization events (20 events):
Event: 0.813 Thread 0x0000019e302e2c70 DEOPT PACKING pc=0x0000019e42685af8 sp=0x00000033d88fe7c0
Event: 0.813 Thread 0x0000019e302e2c70 DEOPT UNPACKING pc=0x0000019e42127da2 sp=0x00000033d88fe750 mode 2
Event: 0.932 Thread 0x0000019e302e2c70 Uncommon trap: trap_request=0xffffff45 fr.pc=0x0000019e426ac338 relative=0x0000000000000678
Event: 0.932 Thread 0x0000019e302e2c70 Uncommon trap: reason=unstable_if action=reinterpret pc=0x0000019e426ac338 method=java.util.regex.Matcher.search(I)Z @ 30 c2
Event: 0.932 Thread 0x0000019e302e2c70 DEOPT PACKING pc=0x0000019e426ac338 sp=0x00000033d88fd9b0
Event: 0.932 Thread 0x0000019e302e2c70 DEOPT UNPACKING pc=0x0000019e42127da2 sp=0x00000033d88fd9a0 mode 2
Event: 0.943 Thread 0x0000019e302e2c70 Uncommon trap: trap_request=0xffffff45 fr.pc=0x0000019e4268bd88 relative=0x0000000000000528
Event: 0.943 Thread 0x0000019e302e2c70 Uncommon trap: reason=unstable_if action=reinterpret pc=0x0000019e4268bd88 method=java.lang.StringLatin1.canEncode(I)Z @ 4 c2
Event: 0.943 Thread 0x0000019e302e2c70 DEOPT PACKING pc=0x0000019e4268bd88 sp=0x00000033d88fdff0
Event: 0.943 Thread 0x0000019e302e2c70 DEOPT UNPACKING pc=0x0000019e42127da2 sp=0x00000033d88fdf28 mode 2
Event: 0.943 Thread 0x0000019e302e2c70 Uncommon trap: trap_request=0xffffff45 fr.pc=0x0000019e42696bec relative=0x000000000000050c
Event: 0.943 Thread 0x0000019e302e2c70 Uncommon trap: reason=unstable_if action=reinterpret pc=0x0000019e42696bec method=java.lang.AbstractStringBuilder.isLatin1()Z @ 10 c2
Event: 0.944 Thread 0x0000019e302e2c70 DEOPT PACKING pc=0x0000019e42696bec sp=0x00000033d88fe010
Event: 0.944 Thread 0x0000019e302e2c70 DEOPT UNPACKING pc=0x0000019e42127da2 sp=0x00000033d88fdfa0 mode 2
Event: 0.952 Thread 0x0000019e302e2c70 Uncommon trap: trap_request=0xffffff45 fr.pc=0x0000019e4268a568 relative=0x0000000000000048
Event: 0.952 Thread 0x0000019e302e2c70 Uncommon trap: reason=unstable_if action=reinterpret pc=0x0000019e4268a568 method=java.lang.StringLatin1.canEncode(I)Z @ 4 c2
Event: 0.952 Thread 0x0000019e302e2c70 DEOPT PACKING pc=0x0000019e4268a568 sp=0x00000033d88fdfa0
Event: 0.952 Thread 0x0000019e302e2c70 DEOPT UNPACKING pc=0x0000019e42127da2 sp=0x00000033d88fdf30 mode 2
Event: 0.961 Thread 0x0000019e302e2c70 DEOPT PACKING pc=0x0000019e3abe69c9 sp=0x00000033d88fda40
Event: 0.961 Thread 0x0000019e302e2c70 DEOPT UNPACKING pc=0x0000019e421288e2 sp=0x00000033d88fceb8 mode 0

Classes loaded (20 events):
Event: 0.856 Loading class java/util/concurrent/locks/ReentrantReadWriteLock$Sync done
Event: 0.856 Loading class java/util/concurrent/locks/ReentrantReadWriteLock$NonfairSync done
Event: 0.856 Loading class java/util/concurrent/locks/ReentrantReadWriteLock$Sync$ThreadLocalHoldCounter
Event: 0.856 Loading class java/util/concurrent/locks/ReentrantReadWriteLock$Sync$ThreadLocalHoldCounter done
Event: 0.856 Loading class java/util/concurrent/locks/ReentrantReadWriteLock$ReadLock
Event: 0.856 Loading class java/util/concurrent/locks/ReentrantReadWriteLock$ReadLock done
Event: 0.856 Loading class java/util/concurrent/locks/ReentrantReadWriteLock$WriteLock
Event: 0.856 Loading class java/util/concurrent/locks/ReentrantReadWriteLock$WriteLock done
Event: 0.862 Loading class java/text/ParseException
Event: 0.862 Loading class java/text/ParseException done
Event: 0.880 Loading class sun/util/calendar/ZoneInfoFile$Checksum
Event: 0.881 Loading class sun/util/calendar/ZoneInfoFile$Checksum done
Event: 0.884 Loading class jdk/internal/module/ModulePatcher$PatchedModuleReader
Event: 0.884 Loading class jdk/internal/module/ModulePatcher$PatchedModuleReader done
Event: 0.885 Loading class sun/net/www/protocol/jrt/Handler
Event: 0.885 Loading class sun/net/www/protocol/jrt/Handler done
Event: 0.936 Loading class sun/text/resources/cldr/FormatData_en
Event: 0.937 Loading class sun/text/resources/cldr/FormatData_en done
Event: 0.937 Loading class sun/text/resources/cldr/FormatData_en_US
Event: 0.937 Loading class sun/text/resources/cldr/FormatData_en_US done

Classes unloaded (0 events):
No events

Classes redefined (0 events):
No events

Internal exceptions (6 events):
Event: 0.143 Thread 0x0000019e302e2c70 Exception <a 'java/lang/NoSuchMethodError'{0x00000007134ffbc0}: 'void java.lang.invoke.DirectMethodHandle$Holder.invokeStatic(java.lang.Object, java.lang.Object, java.lang.Object)'> (0x00000007134ffbc0) 
thrown [s\src\hotspot\share\interpreter\linkResolver.cpp, line 773]
Event: 0.148 Thread 0x0000019e302e2c70 Exception <a 'java/lang/NoSuchMethodError'{0x00000007135170c8}: 'java.lang.Object java.lang.invoke.Invokers$Holder.invokeExact_MT(java.lang.Object, java.lang.Object, java.lang.Object, java.lang.Object, java.lang.Object)'> (0x00000007135170c8) 
thrown [s\src\hotspot\share\interpreter\linkResolver.cpp, line 773]
Event: 0.166 Thread 0x0000019e51ba2690 Exception <a 'java/lang/NoSuchMethodError'{0x000000071355b218}: 'void java.lang.invoke.DirectMethodHandle$Holder.invokeStatic(java.lang.Object, java.lang.Object)'> (0x000000071355b218) 
thrown [s\src\hotspot\share\interpreter\linkResolver.cpp, line 773]
Event: 0.197 Thread 0x0000019e302e2c70 Exception <a 'java/lang/NoSuchMethodError'{0x00000007135fdee0}: 'int java.lang.invoke.DirectMethodHandle$Holder.invokeSpecial(java.lang.Object, java.lang.Object, java.lang.Object)'> (0x00000007135fdee0) 
thrown [s\src\hotspot\share\interpreter\linkResolver.cpp, line 773]
Event: 0.495 Thread 0x0000019e302e2c70 Exception <a 'java/lang/NullPointerException'{0x0000000713063b30}> (0x0000000713063b30) 
thrown [s\src\hotspot\share\interpreter\linkResolver.cpp, line 1372]
Event: 0.821 Thread 0x0000019e302e2c70 Exception <a 'java/lang/NoSuchMethodError'{0x0000000712f14758}: 'java.lang.Object java.lang.invoke.DirectMethodHandle$Holder.invokeSpecialIFC(java.lang.Object, java.lang.Object, java.lang.Object, java.lang.Object)'> (0x0000000712f14758) 
thrown [s\src\hotspot\share\interpreter\linkResolver.cpp, line 773]

ZGC Phase Switch (0 events):
No events

VM Operations (6 events):
Event: 0.093 Executing VM operation: HandshakeAllThreads (Deoptimize)
Event: 0.093 Executing VM operation: HandshakeAllThreads (Deoptimize) done
Event: 0.493 Executing VM operation: HandshakeAllThreads (Deoptimize)
Event: 0.493 Executing VM operation: HandshakeAllThreads (Deoptimize) done
Event: 0.506 Executing VM operation: HandshakeAllThreads (Deoptimize)
Event: 0.506 Executing VM operation: HandshakeAllThreads (Deoptimize) done

Events (12 events):
Event: 0.032 Thread 0x0000019e302e2c70 Thread added: 0x0000019e302e2c70
Event: 0.051 Thread 0x0000019e517f26a0 Thread added: 0x0000019e517f26a0
Event: 0.051 Thread 0x0000019e517f35c0 Thread added: 0x0000019e517f35c0
Event: 0.052 Thread 0x0000019e517f5390 Thread added: 0x0000019e517f5390
Event: 0.052 Thread 0x0000019e517f8080 Thread added: 0x0000019e517f8080
Event: 0.052 Thread 0x0000019e517f8ae0 Thread added: 0x0000019e517f8ae0
Event: 0.052 Thread 0x0000019e517f9540 Thread added: 0x0000019e517f9540
Event: 0.052 Thread 0x0000019e517fa2d0 Thread added: 0x0000019e517fa2d0
Event: 0.052 Thread 0x0000019e51808440 Thread added: 0x0000019e51808440
Event: 0.081 Thread 0x0000019e51a11950 Thread added: 0x0000019e51a11950
Event: 0.153 Thread 0x0000019e51ba2690 Thread added: 0x0000019e51ba2690
Event: 0.154 Thread 0x0000019e51ba2d00 Thread added: 0x0000019e51ba2d00


Dynamic libraries:
0x00007ff6812a0000 - 0x00007ff6812ae000 	C:\Users\langt\.jdks\corretto-21.0.3\bin\java.exe
0x00007ffdadbd0000 - 0x00007ffdaddc8000 	C:\WINDOWS\SYSTEM32\ntdll.dll
0x00007ffdad2e0000 - 0x00007ffdad39d000 	C:\WINDOWS\System32\KERNEL32.DLL
0x00007ffdab430000 - 0x00007ffdab726000 	C:\WINDOWS\System32\KERNELBASE.dll
0x00007ffdab290000 - 0x00007ffdab390000 	C:\WINDOWS\System32\ucrtbase.dll
0x00007ffd9efa0000 - 0x00007ffd9efbb000 	C:\Users\langt\.jdks\corretto-21.0.3\bin\VCRUNTIME140.dll
0x00007ffda1810000 - 0x00007ffda1828000 	C:\Users\langt\.jdks\corretto-21.0.3\bin\jli.dll
0x00007ffdad0c0000 - 0x00007ffdad25f000 	C:\WINDOWS\System32\USER32.dll
0x00007ffdab7f0000 - 0x00007ffdab812000 	C:\WINDOWS\System32\win32u.dll
0x00007ffd85c70000 - 0x00007ffd85f0a000 	C:\WINDOWS\WinSxS\amd64_microsoft.windows.common-controls_6595b64144ccf1df_6.0.19041.4355_none_60b8b9eb71f62e16\COMCTL32.dll
0x00007ffdac0b0000 - 0x00007ffdac0db000 	C:\WINDOWS\System32\GDI32.dll
0x00007ffdacfc0000 - 0x00007ffdad05e000 	C:\WINDOWS\System32\msvcrt.dll
0x00007ffdab990000 - 0x00007ffdabaa7000 	C:\WINDOWS\System32\gdi32full.dll
0x00007ffdab390000 - 0x00007ffdab42d000 	C:\WINDOWS\System32\msvcp_win.dll
0x00007ffdac9d0000 - 0x00007ffdac9ff000 	C:\WINDOWS\System32\IMM32.DLL
0x00007ffda6540000 - 0x00007ffda654c000 	C:\Users\langt\.jdks\corretto-21.0.3\bin\vcruntime140_1.dll
0x00007ffd76ce0000 - 0x00007ffd76d6d000 	C:\Users\langt\.jdks\corretto-21.0.3\bin\msvcp140.dll
0x00007ffd4cac0000 - 0x00007ffd4d851000 	C:\Users\langt\.jdks\corretto-21.0.3\bin\server\jvm.dll
0x00007ffdad8a0000 - 0x00007ffdad950000 	C:\WINDOWS\System32\ADVAPI32.dll
0x00007ffdabd30000 - 0x00007ffdabdd0000 	C:\WINDOWS\System32\sechost.dll
0x00007ffdad3b0000 - 0x00007ffdad4d3000 	C:\WINDOWS\System32\RPCRT4.dll
0x00007ffdab7c0000 - 0x00007ffdab7e7000 	C:\WINDOWS\System32\bcrypt.dll
0x00007ffdacae0000 - 0x00007ffdacb4b000 	C:\WINDOWS\System32\WS2_32.dll
0x00007ffdab0e0000 - 0x00007ffdab12b000 	C:\WINDOWS\SYSTEM32\POWRPROF.dll
0x00007ffda4b40000 - 0x00007ffda4b4a000 	C:\WINDOWS\SYSTEM32\VERSION.dll
0x00007ffda97f0000 - 0x00007ffda9817000 	C:\WINDOWS\SYSTEM32\WINMM.dll
0x00007ffdab0c0000 - 0x00007ffdab0d2000 	C:\WINDOWS\SYSTEM32\UMPDC.dll
0x00007ffda9a90000 - 0x00007ffda9aa2000 	C:\WINDOWS\SYSTEM32\kernel.appcore.dll
0x00007ffda4960000 - 0x00007ffda496a000 	C:\Users\langt\.jdks\corretto-21.0.3\bin\jimage.dll
0x00007ffda9600000 - 0x00007ffda97e4000 	C:\WINDOWS\SYSTEM32\DBGHELP.DLL
0x00007ffda95c0000 - 0x00007ffda95f4000 	C:\WINDOWS\SYSTEM32\dbgcore.DLL
0x00007ffdab730000 - 0x00007ffdab7b2000 	C:\WINDOWS\System32\bcryptPrimitives.dll
0x00007ffda3db0000 - 0x00007ffda3dbe000 	C:\Users\langt\.jdks\corretto-21.0.3\bin\instrument.dll
0x00007ffd9b490000 - 0x00007ffd9b4af000 	C:\Users\langt\.jdks\corretto-21.0.3\bin\java.dll
0x00007ffdac260000 - 0x00007ffdac9cc000 	C:\WINDOWS\System32\SHELL32.dll
0x00007ffda8e20000 - 0x00007ffda95bd000 	C:\WINDOWS\SYSTEM32\windows.storage.dll
0x00007ffdad540000 - 0x00007ffdad893000 	C:\WINDOWS\System32\combase.dll
0x00007ffdaabe0000 - 0x00007ffdaac0e000 	C:\WINDOWS\SYSTEM32\Wldp.dll
0x00007ffdabe30000 - 0x00007ffdabefd000 	C:\WINDOWS\System32\OLEAUT32.dll
0x00007ffdaca00000 - 0x00007ffdacaad000 	C:\WINDOWS\System32\SHCORE.dll
0x00007ffdabdd0000 - 0x00007ffdabe25000 	C:\WINDOWS\System32\shlwapi.dll
0x00007ffdab1c0000 - 0x00007ffdab1e4000 	C:\WINDOWS\SYSTEM32\profapi.dll
0x00007ffd755f0000 - 0x00007ffd756c7000 	C:\Users\langt\.jdks\corretto-21.0.3\bin\jsvml.dll
0x00007ffd8a3b0000 - 0x00007ffd8a3c8000 	C:\Users\langt\.jdks\corretto-21.0.3\bin\zip.dll
0x00007ffda4940000 - 0x00007ffda4950000 	C:\Users\langt\.jdks\corretto-21.0.3\bin\net.dll
0x00007ffda3770000 - 0x00007ffda387a000 	C:\WINDOWS\SYSTEM32\WINHTTP.dll
0x00007ffdaa8f0000 - 0x00007ffdaa95a000 	C:\WINDOWS\system32\mswsock.dll
0x00007ffd95aa0000 - 0x00007ffd95ab6000 	C:\Users\langt\.jdks\corretto-21.0.3\bin\nio.dll
0x00007ffd9f010000 - 0x00007ffd9f02a000 	D:\INTELLIJ\IntelliJ IDEA 2023.2.1\bin\breakgen64.dll
0x00007ffda3f40000 - 0x00007ffda3f49000 	C:\Users\langt\.jdks\corretto-21.0.3\bin\extnet.dll
0x0000000069ac0000 - 0x0000000069ae4000 	C:\Users\langt\AppData\Local\Temp\jansi-2.4.0-bf094e22200d10a8-jansi.dll
0x00007ffda3e00000 - 0x00007ffda3e10000 	C:\Users\langt\.jdks\corretto-21.0.3\bin\verify.dll

dbghelp: loaded successfully - version: 4.0.5 - missing functions: none
symbol engine: initialized successfully - sym options: 0x614 - pdb path: .;C:\Users\langt\.jdks\corretto-21.0.3\bin;C:\WINDOWS\SYSTEM32;C:\WINDOWS\WinSxS\amd64_microsoft.windows.common-controls_6595b64144ccf1df_6.0.19041.4355_none_60b8b9eb71f62e16;C:\Users\langt\.jdks\corretto-21.0.3\bin\server;D:\INTELLIJ\IntelliJ IDEA 2023.2.1\bin;C:\Users\langt\AppData\Local\Temp

VM Arguments:
jvm_args: -Dmaven.multiModuleProjectDirectory=D:\WEB DEV\BE\New folder\tech_shop -Djansi.passthrough=true -Dmaven.home=C:\Users\langt\.m2\wrapper\dists\apache-maven-3.9.6-bin\439sdfsg2nbdob9ciift5h5nse\apache-maven-3.9.6 -Dclassworlds.conf=C:\Users\langt\.m2\wrapper\dists\apache-maven-3.9.6-bin\439sdfsg2nbdob9ciift5h5nse\apache-maven-3.9.6\bin\m2.conf -Dmaven.ext.class.path=D:\INTELLIJ\IntelliJ IDEA 2023.2.1\plugins\maven\lib\maven-event-listener.jar -javaagent:D:\INTELLIJ\IntelliJ IDEA 2023.2.1\lib\idea_rt.jar=63789:D:\INTELLIJ\IntelliJ IDEA 2023.2.1\bin -Dfile.encoding=UTF-8 -Dsun.stdout.encoding=UTF-8 -Dsun.stderr.encoding=UTF-8 
java_command: org.codehaus.classworlds.Launcher -Didea.version=2023.2.1 install
java_class_path (initial): C:\Users\langt\.m2\wrapper\dists\apache-maven-3.9.6-bin\439sdfsg2nbdob9ciift5h5nse\apache-maven-3.9.6\boot\plexus-classworlds-2.7.0.jar;C:\Users\langt\.m2\wrapper\dists\apache-maven-3.9.6-bin\439sdfsg2nbdob9ciift5h5nse\apache-maven-3.9.6\boot\plexus-classworlds.license
Launcher Type: SUN_STANDARD

[Global flags]
     intx CICompilerCount                          = 4                                         {product} {ergonomic}
     uint ConcGCThreads                            = 2                                         {product} {ergonomic}
     uint G1ConcRefinementThreads                  = 8                                         {product} {ergonomic}
   size_t G1HeapRegionSize                         = 2097152                                   {product} {ergonomic}
    uintx GCDrainStackTargetSize                   = 64                                        {product} {ergonomic}
   size_t InitialHeapSize                          = 266338304                                 {product} {ergonomic}
   size_t MarkStackSize                            = 4194304                                   {product} {ergonomic}
   size_t MaxHeapSize                              = 4234149888                                {product} {ergonomic}
   size_t MaxNewSize                               = 2539651072                                {product} {ergonomic}
   size_t MinHeapDeltaBytes                        = 2097152                                   {product} {ergonomic}
   size_t MinHeapSize                              = 8388608                                   {product} {ergonomic}
    uintx NonNMethodCodeHeapSize                   = 5839372                                {pd product} {ergonomic}
    uintx NonProfiledCodeHeapSize                  = 122909434                              {pd product} {ergonomic}
    uintx ProfiledCodeHeapSize                     = 122909434                              {pd product} {ergonomic}
    uintx ReservedCodeCacheSize                    = 251658240                              {pd product} {ergonomic}
     bool SegmentedCodeCache                       = true                                      {product} {ergonomic}
   size_t SoftMaxHeapSize                          = 4234149888                             {manageable} {ergonomic}
     bool UseCompressedOops                        = true                           {product lp64_product} {ergonomic}
     bool UseG1GC                                  = true                                      {product} {ergonomic}
     bool UseLargePagesIndividualAllocation        = false                                  {pd product} {ergonomic}

Logging:
Log output configuration:
 #0: stdout all=warning uptime,level,tags foldmultilines=false
 #1: stderr all=off uptime,level,tags foldmultilines=false

Environment Variables:
JAVA_HOME=C:\Program Files\Java\jdk-21
PATH=D:\VM WARE\bin\;C:\Python311\Scripts\;C:\Python311\;C:\WINDOWS\system32;C:\WINDOWS;C:\WINDOWS\System32\Wbem;C:\WINDOWS\System32\WindowsPowerShell\v1.0\;C:\WINDOWS\System32\OpenSSH\;C:\Program Files\Calibre2\;C:\Program Files\Azure Data Studio\bin;C:\Program Files (x86)\Microsoft SQL Server\150\Tools\Binn\;C:\Program Files\Microsoft SQL Server\150\Tools\Binn\;C:\Program Files (x86)\Microsoft SQL Server\150\DTS\Binn\;C:\Program Files\Microsoft SQL Server\150\DTS\Binn\;C:\Program Files\Microsoft SQL Server\Client SDK\ODBC\170\Tools\Binn\;D:\GIT\Git\cmd;C:\Program Files\dotnet\;D:\NODE JS\;C:\ProgramData\chocolatey\bin;C:\Program Files\Cloudflare\Cloudflare WARP\;C:\Program Files (x86)\Windows Kits\10\Windows Performance Toolkit\;C:\Program Files\Java\jdk-21\bin;C:\Users\langt\AppData\Local\Android\Sdk\platform-tools;C:\Users\langt\fvm;D:\java(intact)\MVN\apache-maven-3.9.6-bin\apache-maven-3.9.6\bin;C:\Program Files\GitHub CLI\;C:\Program Files\Docker\Docker\resources\bin;C:\Program Files\MySQL\MySQL Shell 8.0\bin\;C:\Users\langt\AppData\Local\Microsoft\WindowsApps;C:\Program Files\Azure Data Studio\bin;C:\Users\langt\AppData\Local\GitHubDesktop\bin;D:\VS CODE\Microsoft VS Code\bin;D:\INTELLIJ\IntelliJ IDEA Community Edition 2023.2.1\bin;;C:\Users\langt\AppData\Roaming\npm;D:\INTELLIJ\IntelliJ IDEA 2023.2.1\bin;;C:\tools\dart-sdk\bin;C:\Users\langt\AppData\Local\Pub\Cache\bin;C:\Users\langt\AppData\Roaming\Pub\Cache\bin;
USERNAME=langt
OS=Windows_NT
PROCESSOR_IDENTIFIER=Intel64 Family 6 Model 126 Stepping 5, GenuineIntel
TMP=C:\Users\langt\AppData\Local\Temp
TEMP=C:\Users\langt\AppData\Local\Temp




Periodic native trim disabled

---------------  S Y S T E M  ---------------

OS:
 Windows 10 , 64 bit Build 19041 (10.0.19041.3636)
OS uptime: 0 days 3:55 hours
Hyper-V role detected

CPU: total 8 (initial active 8) (4 cores per cpu, 2 threads per core) family 6 model 126 stepping 5 microcode 0xc2, cx8, cmov, fxsr, ht, mmx, 3dnowpref, sse, sse2, sse3, ssse3, sse4.1, sse4.2, popcnt, lzcnt, tsc, tscinvbit, avx, avx2, aes, erms, clmul, bmi1, bmi2, adx, avx512f, avx512dq, avx512cd, avx512bw, avx512vl, sha, fma, vzeroupper, avx512_vpopcntdq, avx512_vpclmulqdq, avx512_vaes, avx512_vnni, clflush, clflushopt, avx512_vbmi2, avx512_vbmi, hv, rdtscp, rdpid, fsrm, gfni, avx512_bitalg, f16c, avx512_ifma
Processor Information for all 8 processors :
  Max Mhz: 1190, Current Mhz: 991, Mhz Limit: 987

Memory: 4k page, system-wide physical 16151M (1393M free)
TotalPageFile size 21509M (AvailPageFile size 4M)
current process WorkingSet (physical memory assigned to process): 60M, peak: 60M
current process commit charge ("private bytes"): 350M, peak: 350M

vm_info: OpenJDK 64-Bit Server VM (21.0.3+9-LTS) for windows-amd64 JRE (21.0.3+9-LTS), built on 2024-04-10T19:10:39Z by "Administrator" with MS VC++ 16.10 / 16.11 (VS2019)

END.
